This file contains any messages produced by compilers while
running configure, to aid debugging if configure makes a mistake.

It was created by libvorbis configure 1.3.3, which was
generated by GNU Autoconf 2.68.  Invocation command line was

  $ ./configure 

## --------- ##
## Platform. ##
## --------- ##

hostname = r2-HP-Pavilion-dm3-Notebook-PC
uname -m = i686
uname -r = 3.8.0-31-generic
uname -s = Linux
uname -v = #46-Ubuntu SMP Tue Sep 10 19:56:49 UTC 2013

/usr/bin/uname -p = unknown
/bin/uname -X     = unknown

/bin/arch              = unknown
/usr/bin/arch -k       = unknown
/usr/convex/getsysinfo = unknown
/usr/bin/hostinfo      = unknown
/bin/machine           = unknown
/usr/bin/oslevel       = unknown
/bin/universe          = unknown

PATH: /usr/lib/lightdm/lightdm
PATH: /usr/local/sbin
PATH: /usr/local/bin
PATH: /usr/sbin
PATH: /usr/bin
PATH: /sbin
PATH: /bin
PATH: /usr/games
PATH: /usr/local/games


## ----------- ##
## Core tests. ##
## ----------- ##

configure:2328: checking build system type
configure:2342: result: i686-pc-linux-gnu
configure:2362: checking host system type
configure:2375: result: i686-pc-linux-gnu
configure:2395: checking target system type
configure:2408: result: i686-pc-linux-gnu
configure:2451: checking for a BSD-compatible install
configure:2519: result: /usr/bin/install -c
configure:2530: checking whether build environment is sane
configure:2580: result: yes
configure:2721: checking for a thread-safe mkdir -p
configure:2760: result: /bin/mkdir -p
configure:2773: checking for gawk
configure:2803: result: no
configure:2773: checking for mawk
configure:2789: found /usr/bin/mawk
configure:2800: result: mawk
configure:2811: checking whether make sets $(MAKE)
configure:2833: result: yes
configure:2914: checking whether to enable maintainer-specific portions of Makefiles
configure:2923: result: no
configure:3015: checking for gcc
configure:3031: found /usr/bin/gcc
configure:3042: result: gcc
configure:3271: checking for C compiler version
configure:3280: gcc --version >&5
gcc (Ubuntu/Linaro 4.7.3-1ubuntu1) 4.7.3
Copyright (C) 2012 Free Software Foundation, Inc.
This is free software; see the source for copying conditions.  There is NO
warranty; not even for MERCHANTABILITY or FITNESS FOR A PARTICULAR PURPOSE.

configure:3291: $? = 0
configure:3280: gcc -v >&5
Using built-in specs.
COLLECT_GCC=gcc
COLLECT_LTO_WRAPPER=/usr/lib/gcc/i686-linux-gnu/4.7/lto-wrapper
Target: i686-linux-gnu
Configured with: ../src/configure -v --with-pkgversion='Ubuntu/Linaro 4.7.3-1ubuntu1' --with-bugurl=file:///usr/share/doc/gcc-4.7/README.Bugs --enable-languages=c,c++,go,fortran,objc,obj-c++ --prefix=/usr --program-suffix=-4.7 --enable-shared --enable-linker-build-id --libexecdir=/usr/lib --without-included-gettext --enable-threads=posix --with-gxx-include-dir=/usr/include/c++/4.7 --libdir=/usr/lib --enable-nls --with-sysroot=/ --enable-clocale=gnu --enable-libstdcxx-debug --enable-libstdcxx-time=yes --enable-gnu-unique-object --enable-plugin --with-system-zlib --enable-objc-gc --enable-targets=all --with-cloog --enable-cloog-backend=ppl --disable-cloog-version-check --disable-ppl-version-check --enable-multiarch --disable-werror --with-arch-32=i686 --with-multilib-list=m32,m64,mx32 --with-tune=generic --enable-checking=release --build=i686-linux-gnu --host=i686-linux-gnu --target=i686-linux-gnu
Thread model: posix
gcc version 4.7.3 (Ubuntu/Linaro 4.7.3-1ubuntu1) 
configure:3291: $? = 0
configure:3280: gcc -V >&5
gcc: error: unrecognized command line option '-V'
gcc: fatal error: no input files
compilation terminated.
configure:3291: $? = 4
configure:3280: gcc -qversion >&5
gcc: error: unrecognized command line option '-qversion'
gcc: fatal error: no input files
compilation terminated.
configure:3291: $? = 4
configure:3311: checking whether the C compiler works
configure:3333: gcc    conftest.c  >&5
configure:3337: $? = 0
configure:3385: result: yes
configure:3388: checking for C compiler default output file name
configure:3390: result: a.out
configure:3396: checking for suffix of executables
configure:3403: gcc -o conftest    conftest.c  >&5
configure:3407: $? = 0
configure:3429: result: 
configure:3451: checking whether we are cross compiling
configure:3459: gcc -o conftest    conftest.c  >&5
configure:3463: $? = 0
configure:3470: ./conftest
configure:3474: $? = 0
configure:3489: result: no
configure:3494: checking for suffix of object files
configure:3516: gcc -c   conftest.c >&5
configure:3520: $? = 0
configure:3541: result: o
configure:3545: checking whether we are using the GNU C compiler
configure:3564: gcc -c   conftest.c >&5
configure:3564: $? = 0
configure:3573: result: yes
configure:3582: checking whether gcc accepts -g
configure:3602: gcc -c -g  conftest.c >&5
configure:3602: $? = 0
configure:3643: result: yes
configure:3660: checking for gcc option to accept ISO C89
configure:3724: gcc  -c -g -O2  conftest.c >&5
configure:3724: $? = 0
configure:3737: result: none needed
configure:3768: checking for style of include used by make
configure:3796: result: GNU
configure:3821: checking dependency style of gcc
configure:3931: result: gcc3
configure:3951: checking how to run the C preprocessor
configure:3982: gcc -E  conftest.c
configure:3982: $? = 0
configure:3996: gcc -E  conftest.c
conftest.c:11:28: fatal error: ac_nonexistent.h: No such file or directory
compilation terminated.
configure:3996: $? = 1
configure: failed program was:
| /* confdefs.h */
| #define PACKAGE_NAME "libvorbis"
| #define PACKAGE_TARNAME "libvorbis"
| #define PACKAGE_VERSION "1.3.3"
| #define PACKAGE_STRING "libvorbis 1.3.3"
| #define PACKAGE_BUGREPORT "vorbis-dev@xiph.org"
| #define PACKAGE_URL ""
| #define PACKAGE "libvorbis"
| #define VERSION "1.3.3"
| /* end confdefs.h.  */
| #include <ac_nonexistent.h>
configure:4021: result: gcc -E
configure:4041: gcc -E  conftest.c
configure:4041: $? = 0
configure:4055: gcc -E  conftest.c
conftest.c:11:28: fatal error: ac_nonexistent.h: No such file or directory
compilation terminated.
configure:4055: $? = 1
configure: failed program was:
| /* confdefs.h */
| #define PACKAGE_NAME "libvorbis"
| #define PACKAGE_TARNAME "libvorbis"
| #define PACKAGE_VERSION "1.3.3"
| #define PACKAGE_STRING "libvorbis 1.3.3"
| #define PACKAGE_BUGREPORT "vorbis-dev@xiph.org"
| #define PACKAGE_URL ""
| #define PACKAGE "libvorbis"
| #define VERSION "1.3.3"
| /* end confdefs.h.  */
| #include <ac_nonexistent.h>
configure:4086: checking for inline
configure:4102: gcc -c   conftest.c >&5
configure:4102: $? = 0
configure:4110: result: inline
configure:4478: checking how to print strings
configure:4505: result: printf
configure:4526: checking for a sed that does not truncate output
configure:4590: result: /bin/sed
configure:4608: checking for grep that handles long lines and -e
configure:4666: result: /bin/grep
configure:4671: checking for egrep
configure:4733: result: /bin/grep -E
configure:4738: checking for fgrep
configure:4800: result: /bin/grep -F
configure:4835: checking for ld used by gcc
configure:4902: result: /usr/bin/ld
configure:4909: checking if the linker (/usr/bin/ld) is GNU ld
configure:4924: result: yes
configure:4936: checking for BSD- or MS-compatible name lister (nm)
configure:4985: result: /usr/bin/nm -B
configure:5115: checking the name lister (/usr/bin/nm -B) interface
configure:5122: gcc -c   conftest.c >&5
configure:5125: /usr/bin/nm -B "conftest.o"
configure:5128: output
00000000 B some_variable
configure:5135: result: BSD nm
configure:5138: checking whether ln -s works
configure:5142: result: yes
configure:5150: checking the maximum length of command line arguments
configure:5275: result: 1572864
configure:5292: checking whether the shell understands some XSI constructs
configure:5302: result: yes
configure:5306: checking whether the shell understands "+="
configure:5312: result: yes
configure:5347: checking how to convert i686-pc-linux-gnu file names to i686-pc-linux-gnu format
configure:5387: result: func_convert_file_noop
configure:5394: checking how to convert i686-pc-linux-gnu file names to toolchain format
configure:5414: result: func_convert_file_noop
configure:5421: checking for /usr/bin/ld option to reload object files
configure:5428: result: -r
configure:5502: checking for objdump
configure:5529: result: objdump
configure:5558: checking how to recognize dependent libraries
configure:5760: result: pass_all
configure:5845: checking for dlltool
configure:5872: result: dlltool
configure:5902: checking how to associate runtime and link libraries
configure:5929: result: printf %s\n
configure:5989: checking for ar
configure:6005: found /usr/bin/ar
configure:6016: result: ar
configure:6053: checking for archiver @FILE support
configure:6070: gcc -c   conftest.c >&5
configure:6070: $? = 0
configure:6073: ar cru libconftest.a @conftest.lst >&5
configure:6076: $? = 0
configure:6081: ar cru libconftest.a @conftest.lst >&5
ar: conftest.o: No such file or directory
configure:6084: $? = 1
configure:6096: result: @
configure:6154: checking for strip
configure:6170: found /usr/bin/strip
configure:6181: result: strip
configure:6253: checking for ranlib
configure:6269: found /usr/bin/ranlib
configure:6280: result: ranlib
configure:6382: checking command to parse /usr/bin/nm -B output from gcc object
configure:6501: gcc -c   conftest.c >&5
configure:6504: $? = 0
configure:6508: /usr/bin/nm -B conftest.o \| sed -n -e 's/^.*[ ]\([ABCDGIRSTW][ABCDGIRSTW]*\)[ ][ ]*\([_A-Za-z][_A-Za-z0-9]*\)$/\1 \2 \2/p' | sed '/ __gnu_lto/d' \> conftest.nm
configure:6511: $? = 0
configure:6577: gcc -o conftest    conftest.c conftstm.o >&5
configure:6580: $? = 0
configure:6618: result: ok
configure:6655: checking for sysroot
configure:6685: result: no
configure:6928: checking for mt
configure:6944: found /bin/mt
configure:6955: result: mt
configure:6978: checking if mt is a manifest tool
configure:6984: mt '-?'
configure:6992: result: no
configure:7620: checking for ANSI C header files
configure:7640: gcc -c   conftest.c >&5
configure:7640: $? = 0
configure:7713: gcc -o conftest    conftest.c  >&5
configure:7713: $? = 0
configure:7713: ./conftest
configure:7713: $? = 0
configure:7724: result: yes
configure:7737: checking for sys/types.h
configure:7737: gcc -c   conftest.c >&5
configure:7737: $? = 0
configure:7737: result: yes
configure:7737: checking for sys/stat.h
configure:7737: gcc -c   conftest.c >&5
configure:7737: $? = 0
configure:7737: result: yes
configure:7737: checking for stdlib.h
configure:7737: gcc -c   conftest.c >&5
configure:7737: $? = 0
configure:7737: result: yes
configure:7737: checking for string.h
configure:7737: gcc -c   conftest.c >&5
configure:7737: $? = 0
configure:7737: result: yes
configure:7737: checking for memory.h
configure:7737: gcc -c   conftest.c >&5
configure:7737: $? = 0
configure:7737: result: yes
configure:7737: checking for strings.h
configure:7737: gcc -c   conftest.c >&5
configure:7737: $? = 0
configure:7737: result: yes
configure:7737: checking for inttypes.h
configure:7737: gcc -c   conftest.c >&5
configure:7737: $? = 0
configure:7737: result: yes
configure:7737: checking for stdint.h
configure:7737: gcc -c   conftest.c >&5
configure:7737: $? = 0
configure:7737: result: yes
configure:7737: checking for unistd.h
configure:7737: gcc -c   conftest.c >&5
configure:7737: $? = 0
configure:7737: result: yes
configure:7751: checking for dlfcn.h
configure:7751: gcc -c   conftest.c >&5
configure:7751: $? = 0
configure:7751: result: yes
configure:7936: checking for objdir
configure:7951: result: .libs
configure:8218: checking if gcc supports -fno-rtti -fno-exceptions
configure:8236: gcc -c   -fno-rtti -fno-exceptions conftest.c >&5
cc1: warning: command line option '-fno-rtti' is valid for C++/ObjC++ but not for C [enabled by default]
configure:8240: $? = 0
configure:8253: result: no
configure:8563: checking for gcc option to produce PIC
configure:8570: result: -fPIC -DPIC
configure:8578: checking if gcc PIC flag -fPIC -DPIC works
configure:8596: gcc -c   -fPIC -DPIC -DPIC conftest.c >&5
configure:8600: $? = 0
configure:8613: result: yes
configure:8642: checking if gcc static flag -static works
configure:8670: result: yes
configure:8685: checking if gcc supports -c -o file.o
configure:8706: gcc -c   -o out/conftest2.o conftest.c >&5
configure:8710: $? = 0
configure:8732: result: yes
configure:8740: checking if gcc supports -c -o file.o
configure:8787: result: yes
configure:8820: checking whether the gcc linker (/usr/bin/ld) supports shared libraries
configure:9982: result: yes
configure:10019: checking whether -lc should be explicitly linked in
configure:10027: gcc -c   conftest.c >&5
configure:10030: $? = 0
configure:10045: gcc -shared  -fPIC -DPIC conftest.o  -v -Wl,-soname -Wl,conftest -o conftest 2\>\&1 \| /bin/grep  -lc  \>/dev/null 2\>\&1
configure:10048: $? = 0
configure:10062: result: no
configure:10227: checking dynamic linker characteristics
configure:10742: gcc -o conftest    -Wl,-rpath -Wl,/foo conftest.c  >&5
configure:10742: $? = 0
configure:10976: result: GNU/Linux ld.so
configure:11083: checking how to hardcode library paths into programs
configure:11108: result: immediate
configure:11648: checking whether stripping libraries is possible
configure:11653: result: yes
configure:11688: checking if libtool supports shared libraries
configure:11690: result: yes
configure:11693: checking whether to build shared libraries
configure:11714: result: yes
configure:11717: checking whether to build static libraries
configure:11721: result: yes
configure:11757: checking whether gcc and cc understand -c and -o together
configure:11788: gcc -c conftest.c -o conftest2.o >&5
configure:11792: $? = 0
configure:11798: gcc -c conftest.c -o conftest2.o >&5
configure:11802: $? = 0
configure:11813: cc -c conftest.c >&5
configure:11817: $? = 0
configure:11825: cc -c conftest.c -o conftest2.o >&5
configure:11829: $? = 0
configure:11835: cc -c conftest.c -o conftest2.o >&5
configure:11839: $? = 0
configure:11857: result: yes
configure:12085: checking GCC version
configure:12088: result: 4.7
In file included from /usr/include/math.h:27:0,
                 from conftest.c:26:
/usr/include/features.h:329:69: error: operator '&&' has no right operand
configure:12229: checking if gcc accepts -Wdeclaration-after-statement
configure:12244: gcc -o conftest -O20 -ffast-math -mno-ieee-fp -D_REENTRANT -fsigned-char -Wdeclaration-after-statement   conftest.c  >&5
configure:12244: $? = 0
configure:12245: result: yes
configure:12259: checking for memory.h
configure:12259: result: yes
configure:12271: checking for cos in -lm
configure:12296: gcc -o conftest -O20 -ffast-math -mno-ieee-fp -D_REENTRANT -fsigned-char -Wdeclaration-after-statement  -DUSE_MEMORY_H   conftest.c -lm   >&5
conftest.c:30:6: warning: conflicting types for built-in function 'cos' [enabled by default]
configure:12296: $? = 0
configure:12305: result: yes
configure:12313: checking for pthread_create in -lpthread
configure:12338: gcc -o conftest -O20 -ffast-math -mno-ieee-fp -D_REENTRANT -fsigned-char -Wdeclaration-after-statement  -DUSE_MEMORY_H   conftest.c -lpthread   >&5
configure:12338: $? = 0
configure:12347: result: yes
configure:12405: checking for pkg-config
configure:12423: found /usr/bin/pkg-config
configure:12435: result: /usr/bin/pkg-config
configure:12460: checking pkg-config is at least version 0.9.0
configure:12463: result: yes
configure:12478: checking for OGG
configure:12486: $PKG_CONFIG --exists --print-errors "ogg >= 1.0"
configure:12489: $? = 0
configure:12504: $PKG_CONFIG --exists --print-errors "ogg >= 1.0"
configure:12507: $? = 0
configure:12543: result: yes
configure:12726: checking for size_t
configure:12726: gcc -c -O20 -ffast-math -mno-ieee-fp -D_REENTRANT -fsigned-char -Wdeclaration-after-statement  -DUSE_MEMORY_H  conftest.c >&5
configure:12726: $? = 0
configure:12726: gcc -c -O20 -ffast-math -mno-ieee-fp -D_REENTRANT -fsigned-char -Wdeclaration-after-statement  -DUSE_MEMORY_H  conftest.c >&5
conftest.c: In function 'main':
conftest.c:59:21: error: expected expression before ')' token
configure:12726: $? = 1
configure: failed program was:
| /* confdefs.h */
| #define PACKAGE_NAME "libvorbis"
| #define PACKAGE_TARNAME "libvorbis"
| #define PACKAGE_VERSION "1.3.3"
| #define PACKAGE_STRING "libvorbis 1.3.3"
| #define PACKAGE_BUGREPORT "vorbis-dev@xiph.org"
| #define PACKAGE_URL ""
| #define PACKAGE "libvorbis"
| #define VERSION "1.3.3"
| #define STDC_HEADERS 1
| #define HAVE_SYS_TYPES_H 1
| #define HAVE_SYS_STAT_H 1
| #define HAVE_STDLIB_H 1
| #define HAVE_STRING_H 1
| #define HAVE_MEMORY_H 1
| #define HAVE_STRINGS_H 1
| #define HAVE_INTTYPES_H 1
| #define HAVE_STDINT_H 1
| #define HAVE_UNISTD_H 1
| #define HAVE_DLFCN_H 1
| #define LT_OBJDIR ".libs/"
| /* end confdefs.h.  */
| #include <stdio.h>
| #ifdef HAVE_SYS_TYPES_H
| # include <sys/types.h>
| #endif
| #ifdef HAVE_SYS_STAT_H
| # include <sys/stat.h>
| #endif
| #ifdef STDC_HEADERS
| # include <stdlib.h>
| # include <stddef.h>
| #else
| # ifdef HAVE_STDLIB_H
| #  include <stdlib.h>
| # endif
| #endif
| #ifdef HAVE_STRING_H
| # if !defined STDC_HEADERS && defined HAVE_MEMORY_H
| #  include <memory.h>
| # endif
| # include <string.h>
| #endif
| #ifdef HAVE_STRINGS_H
| # include <strings.h>
| #endif
| #ifdef HAVE_INTTYPES_H
| # include <inttypes.h>
| #endif
| #ifdef HAVE_STDINT_H
| # include <stdint.h>
| #endif
| #ifdef HAVE_UNISTD_H
| # include <unistd.h>
| #endif
| int
| main ()
| {
| if (sizeof ((size_t)))
| 	    return 0;
|   ;
|   return 0;
| }
configure:12726: result: yes
configure:12739: checking for working alloca.h
configure:12756: gcc -o conftest -O20 -ffast-math -mno-ieee-fp -D_REENTRANT -fsigned-char -Wdeclaration-after-statement  -DUSE_MEMORY_H   conftest.c  >&5
configure:12756: $? = 0
configure:12764: result: yes
configure:12772: checking for alloca
configure:12809: gcc -o conftest -O20 -ffast-math -mno-ieee-fp -D_REENTRANT -fsigned-char -Wdeclaration-after-statement  -DUSE_MEMORY_H   conftest.c  >&5
configure:12809: $? = 0
configure:12817: result: yes
configure:12926: checking for working memcmp
configure:12969: gcc -o conftest -O20 -ffast-math -mno-ieee-fp -D_REENTRANT -fsigned-char -Wdeclaration-after-statement  -DUSE_MEMORY_H   conftest.c  >&5
configure:12969: $? = 0
configure:12969: ./conftest
configure:12969: $? = 0
configure:12979: result: yes
configure:13145: creating ./config.status

## ---------------------- ##
## Running config.status. ##
## ---------------------- ##

This file was extended by libvorbis config.status 1.3.3, which was
generated by GNU Autoconf 2.68.  Invocation command line was

  CONFIG_FILES    = 
  CONFIG_HEADERS  = 
  CONFIG_LINKS    = 
  CONFIG_COMMANDS = 
  $ ./config.status 

on r2-HP-Pavilion-dm3-Notebook-PC

config.status:1150: creating Makefile
config.status:1150: creating m4/Makefile
config.status:1150: creating lib/Makefile
config.status:1150: creating lib/modes/Makefile
config.status:1150: creating lib/books/Makefile
config.status:1150: creating lib/books/coupled/Makefile
config.status:1150: creating lib/books/uncoupled/Makefile
config.status:1150: creating lib/books/floor/Makefile
config.status:1150: creating doc/Makefile
config.status:1150: creating doc/vorbisfile/Makefile
config.status:1150: creating doc/vorbisenc/Makefile
config.status:1150: creating doc/libvorbis/Makefile
config.status:1150: creating doc/Doxyfile
config.status:1150: creating include/Makefile
config.status:1150: creating include/vorbis/Makefile
config.status:1150: creating examples/Makefile
config.status:1150: creating test/Makefile
config.status:1150: creating vq/Makefile
config.status:1150: creating libvorbis.spec
config.status:1150: creating vorbis.pc
config.status:1150: creating vorbisenc.pc
config.status:1150: creating vorbisfile.pc
config.status:1150: creating vorbis-uninstalled.pc
config.status:1150: creating vorbisenc-uninstalled.pc
config.status:1150: creating vorbisfile-uninstalled.pc
config.status:1150: creating config.h
config.status:1379: executing depfiles commands
config.status:1379: executing libtool commands

## ---------------- ##
## Cache variables. ##
## ---------------- ##

ac_cv_build=i686-pc-linux-gnu
ac_cv_c_compiler_gnu=yes
ac_cv_c_inline=inline
ac_cv_env_CC_set=
ac_cv_env_CC_value=
ac_cv_env_CFLAGS_set=
ac_cv_env_CFLAGS_value=
ac_cv_env_CPPFLAGS_set=
ac_cv_env_CPPFLAGS_value=
ac_cv_env_CPP_set=
ac_cv_env_CPP_value=
ac_cv_env_LDFLAGS_set=
ac_cv_env_LDFLAGS_value=
ac_cv_env_LIBS_set=
ac_cv_env_LIBS_value=
ac_cv_env_OGG_CFLAGS_set=
ac_cv_env_OGG_CFLAGS_value=
ac_cv_env_OGG_LIBS_set=
ac_cv_env_OGG_LIBS_value=
ac_cv_env_PKG_CONFIG_set=
ac_cv_env_PKG_CONFIG_value=
ac_cv_env_build_alias_set=
ac_cv_env_build_alias_value=
ac_cv_env_host_alias_set=
ac_cv_env_host_alias_value=
ac_cv_env_target_alias_set=
ac_cv_env_target_alias_value=
ac_cv_func_alloca_works=yes
ac_cv_func_memcmp_working=yes
ac_cv_header_dlfcn_h=yes
ac_cv_header_inttypes_h=yes
ac_cv_header_memory_h=yes
ac_cv_header_stdc=yes
ac_cv_header_stdint_h=yes
ac_cv_header_stdlib_h=yes
ac_cv_header_string_h=yes
ac_cv_header_strings_h=yes
ac_cv_header_sys_stat_h=yes
ac_cv_header_sys_types_h=yes
ac_cv_header_unistd_h=yes
ac_cv_host=i686-pc-linux-gnu
ac_cv_lib_m_cos=yes
ac_cv_lib_pthread_pthread_create=yes
ac_cv_objext=o
ac_cv_path_EGREP='/bin/grep -E'
ac_cv_path_FGREP='/bin/grep -F'
ac_cv_path_GREP=/bin/grep
ac_cv_path_SED=/bin/sed
ac_cv_path_ac_pt_PKG_CONFIG=/usr/bin/pkg-config
ac_cv_path_install='/usr/bin/install -c'
ac_cv_path_mkdir=/bin/mkdir
ac_cv_prog_AWK=mawk
ac_cv_prog_CPP='gcc -E'
ac_cv_prog_ac_ct_AR=ar
ac_cv_prog_ac_ct_CC=gcc
ac_cv_prog_ac_ct_DLLTOOL=dlltool
ac_cv_prog_ac_ct_MANIFEST_TOOL=mt
ac_cv_prog_ac_ct_OBJDUMP=objdump
ac_cv_prog_ac_ct_RANLIB=ranlib
ac_cv_prog_ac_ct_STRIP=strip
ac_cv_prog_cc_c89=
ac_cv_prog_cc_g=yes
ac_cv_prog_cc_gcc_c_o=yes
ac_cv_prog_make_make_set=yes
ac_cv_target=i686-pc-linux-gnu
ac_cv_type_size_t=yes
ac_cv_working_alloca_h=yes
am_cv_CC_dependencies_compiler_type=gcc3
lt_cv_ar_at_file=@
lt_cv_archive_cmds_need_lc=no
lt_cv_deplibs_check_method=pass_all
lt_cv_file_magic_cmd='$MAGIC_CMD'
lt_cv_file_magic_test_file=
lt_cv_ld_reload_flag=-r
lt_cv_nm_interface='BSD nm'
lt_cv_objdir=.libs
lt_cv_path_LD=/usr/bin/ld
lt_cv_path_NM='/usr/bin/nm -B'
lt_cv_path_mainfest_tool=no
lt_cv_prog_compiler_c_o=yes
lt_cv_prog_compiler_pic='-fPIC -DPIC'
lt_cv_prog_compiler_pic_works=yes
lt_cv_prog_compiler_rtti_exceptions=no
lt_cv_prog_compiler_static_works=yes
lt_cv_prog_gnu_ld=yes
lt_cv_sharedlib_from_linklib_cmd='printf %s\n'
lt_cv_shlibpath_overrides_runpath=no
lt_cv_sys_global_symbol_pipe='sed -n -e '\''s/^.*[	 ]\([ABCDGIRSTW][ABCDGIRSTW]*\)[	 ][	 ]*\([_A-Za-z][_A-Za-z0-9]*\)$/\1 \2 \2/p'\'' | sed '\''/ __gnu_lto/d'\'''
lt_cv_sys_global_symbol_to_c_name_address='sed -n -e '\''s/^: \([^ ]*\)[ ]*$/  {\"\1\", (void *) 0},/p'\'' -e '\''s/^[ABCDGIRSTW]* \([^ ]*\) \([^ ]*\)$/  {"\2", (void *) \&\2},/p'\'''
lt_cv_sys_global_symbol_to_c_name_address_lib_prefix='sed -n -e '\''s/^: \([^ ]*\)[ ]*$/  {\"\1\", (void *) 0},/p'\'' -e '\''s/^[ABCDGIRSTW]* \([^ ]*\) \(lib[^ ]*\)$/  {"\2", (void *) \&\2},/p'\'' -e '\''s/^[ABCDGIRSTW]* \([^ ]*\) \([^ ]*\)$/  {"lib\2", (void *) \&\2},/p'\'''
lt_cv_sys_global_symbol_to_cdecl='sed -n -e '\''s/^T .* \(.*\)$/extern int \1();/p'\'' -e '\''s/^[ABCDGIRSTW]* .* \(.*\)$/extern char \1;/p'\'''
lt_cv_sys_max_cmd_len=1572864
lt_cv_to_host_file_cmd=func_convert_file_noop
lt_cv_to_tool_file_cmd=func_convert_file_noop
pkg_cv_OGG_CFLAGS='-I/usr/local/include  '
pkg_cv_OGG_LIBS='-L/usr/local/lib -logg  '

## ----------------- ##
## Output variables. ##
## ----------------- ##

ACLOCAL='${SHELL} /home/r2/Documentos/nyoka_snd_lib/external_libraries/libvorbis-1.3.3/missing --run aclocal-1.11'
ACLOCAL_AMFLAGS='-I m4'
ALLOCA=''
AMDEPBACKSLASH='\'
AMDEP_FALSE='#'
AMDEP_TRUE=''
AMTAR='${SHELL} /home/r2/Documentos/nyoka_snd_lib/external_libraries/libvorbis-1.3.3/missing --run tar'
AR='ar'
AS='as'
AUTOCONF='${SHELL} /home/r2/Documentos/nyoka_snd_lib/external_libraries/libvorbis-1.3.3/missing --run autoconf'
AUTOHEADER='${SHELL} /home/r2/Documentos/nyoka_snd_lib/external_libraries/libvorbis-1.3.3/missing --run autoheader'
AUTOMAKE='${SHELL} /home/r2/Documentos/nyoka_snd_lib/external_libraries/libvorbis-1.3.3/missing --run automake-1.11'
AWK='mawk'
BUILD_DOCS_FALSE=''
BUILD_DOCS_TRUE='#'
BUILD_EXAMPLES_FALSE=''
BUILD_EXAMPLES_TRUE='#'
CC='gcc'
CCDEPMODE='depmode=gcc3'
CFLAGS='-O20 -ffast-math -mno-ieee-fp -D_REENTRANT -fsigned-char -Wdeclaration-after-statement  -DUSE_MEMORY_H'
CPP='gcc -E'
CPPFLAGS=''
CYGPATH_W='echo'
DEBUG='-g -Wall -Wextra -D_REENTRANT -D__NO_MATH_INLINES -fsigned-char'
DEFS='-DHAVE_CONFIG_H'
DEPDIR='.deps'
DLLTOOL='dlltool'
DSYMUTIL=''
DUMPBIN=''
ECHO_C=''
ECHO_N='-n'
ECHO_T=''
EGREP='/bin/grep -E'
EXEEXT=''
FGREP='/bin/grep -F'
GREP='/bin/grep'
HAVE_DOXYGEN='false'
HAVE_DOXYGEN_FALSE=''
HAVE_DOXYGEN_TRUE='#'
HTLATEX=''
INSTALL_DATA='${INSTALL} -m 644'
INSTALL_PROGRAM='${INSTALL}'
INSTALL_SCRIPT='${INSTALL}'
INSTALL_STRIP_PROGRAM='$(install_sh) -c -s'
LD='/usr/bin/ld'
LDFLAGS=''
LIBOBJS=''
LIBS=''
LIBTOOL='$(SHELL) $(top_builddir)/libtool'
LIBTOOL_DEPS='./ltmain.sh'
LIPO=''
LN_S='ln -s'
LTLIBOBJS=''
MAINT='#'
MAINTAINER_MODE_FALSE=''
MAINTAINER_MODE_TRUE='#'
MAKEINFO='${SHELL} /home/r2/Documentos/nyoka_snd_lib/external_libraries/libvorbis-1.3.3/missing --run makeinfo'
MANIFEST_TOOL=':'
MKDIR_P='/bin/mkdir -p'
NM='/usr/bin/nm -B'
NMEDIT=''
OBJDUMP='objdump'
OBJEXT='o'
OGG_CFLAGS='-I/usr/local/include  '
OGG_LIBS='-L/usr/local/lib -logg  '
OTOOL64=''
OTOOL=''
PACKAGE='libvorbis'
PACKAGE_BUGREPORT='vorbis-dev@xiph.org'
PACKAGE_NAME='libvorbis'
PACKAGE_STRING='libvorbis 1.3.3'
PACKAGE_TARNAME='libvorbis'
PACKAGE_URL=''
PACKAGE_VERSION='1.3.3'
PATH_SEPARATOR=':'
PDFLATEX=''
PKG_CONFIG='/usr/bin/pkg-config'
PROFILE='-Wall -Wextra -pg -g -O20 -ffast-math -mno-ieee-fp -D_REENTRANT -fsigned-char -fno-inline'
RANLIB='ranlib'
SED='/bin/sed'
SET_MAKE=''
SHELL='/bin/bash'
STRIP='strip'
VERSION='1.3.3'
VE_LIB_AGE='0'
VE_LIB_CURRENT='2'
VE_LIB_REVISION='9'
VF_LIB_AGE='3'
VF_LIB_CURRENT='6'
VF_LIB_REVISION='5'
VORBIS_LIBS='-lm'
V_LIB_AGE='4'
V_LIB_CURRENT='4'
V_LIB_REVISION='6'
ac_ct_AR='ar'
ac_ct_CC='gcc'
ac_ct_DUMPBIN=''
am__EXEEXT_FALSE=''
am__EXEEXT_TRUE='#'
am__fastdepCC_FALSE='#'
am__fastdepCC_TRUE=''
am__include='include'
am__isrc=''
am__leading_dot='.'
am__quote=''
am__tar='${AMTAR} chof - "$$tardir"'
am__untar='${AMTAR} xf -'
bindir='${exec_prefix}/bin'
build='i686-pc-linux-gnu'
build_alias=''
build_cpu='i686'
build_os='linux-gnu'
build_vendor='pc'
datadir='${datarootdir}'
datarootdir='${prefix}/share'
docdir='${datarootdir}/doc/${PACKAGE_TARNAME}'
dvidir='${docdir}'
exec_prefix='${prefix}'
host='i686-pc-linux-gnu'
host_alias=''
host_cpu='i686'
host_os='linux-gnu'
host_vendor='pc'
htmldir='${docdir}'
includedir='${prefix}/include'
infodir='${datarootdir}/info'
install_sh='${SHELL} /home/r2/Documentos/nyoka_snd_lib/external_libraries/libvorbis-1.3.3/install-sh'
libdir='${exec_prefix}/lib'
libexecdir='${exec_prefix}/libexec'
localedir='${datarootdir}/locale'
localstatedir='${prefix}/var'
mandir='${datarootdir}/man'
mkdir_p='/bin/mkdir -p'
oldincludedir='/usr/include'
pdfdir='${docdir}'
prefix='/usr/local'
program_transform_name='s,x,x,'
psdir='${docdir}'
pthread_lib='-lpthread'
sbindir='${exec_prefix}/sbin'
sharedstatedir='${prefix}/com'
sysconfdir='${prefix}/etc'
target='i686-pc-linux-gnu'
target_alias=''
target_cpu='i686'
target_os='linux-gnu'
target_vendor='pc'

## ----------- ##
## confdefs.h. ##
## ----------- ##

/* confdefs.h */
#define PACKAGE_NAME "libvorbis"
#define PACKAGE_TARNAME "libvorbis"
#define PACKAGE_VERSION "1.3.3"
#define PACKAGE_STRING "libvorbis 1.3.3"
#define PACKAGE_BUGREPORT "vorbis-dev@xiph.org"
#define PACKAGE_URL ""
#define PACKAGE "libvorbis"
#define VERSION "1.3.3"
#define STDC_HEADERS 1
#define HAVE_SYS_TYPES_H 1
#define HAVE_SYS_STAT_H 1
#define HAVE_STDLIB_H 1
#define HAVE_STRING_H 1
#define HAVE_MEMORY_H 1
#define HAVE_STRINGS_H 1
#define HAVE_INTTYPES_H 1
#define HAVE_STDINT_H 1
#define HAVE_UNISTD_H 1
#define HAVE_DLFCN_H 1
#define LT_OBJDIR ".libs/"
#define HAVE_ALLOCA_H 1
#define HAVE_ALLOCA 1

configure: exit 0
